app/build/intermediates/manifest_merge_blame_file/debug/manifest-merger-blame-debug-report.txt
1<?xml version="1.0" encoding="utf-8"?>
2<manifest xmlns:android="http://schemas.android.com/apk/res/android"
3    package="com.paco.mother"
4    android:versionCode="1"
5    android:versionName="1.0" >
6
7    <uses-sdk
8        android:minSdkVersion="16"
8-->src\main\AndroidManifest.xml
9        android:targetSdkVersion="29" />
9-->src\main\AndroidManifest.xml
10
11    <uses-permission android:name="android.permission.RECEIVE_BOOT_COMPLETED" />
11-->src\main\AndroidManifest.xml:6:5-81
11-->src\main\AndroidManifest.xml:6:22-78
12    <uses-permission android:name="android.permission.VIBRATE" />
12-->src\main\AndroidManifest.xml:7:5-66
12-->src\main\AndroidManifest.xml:7:22-63
13    <uses-permission android:name="android.permission.EXPAND_STATUS_BAR" />
13-->[com.github.jakebonk:NotifyMe:1.0.1] AndroidManifest.xml:11:5-76
13-->[com.github.jakebonk:NotifyMe:1.0.1] AndroidManifest.xml:11:22-73
14
15    <application
15-->src\main\AndroidManifest.xml:9:5-39:19
16        android:allowBackup="true"
16-->src\main\AndroidManifest.xml:10:9-35
17        android:appComponentFactory="androidx.core.app.CoreComponentFactory"
17-->[androidx.core:core:1.0.1] AndroidManifest.xml:22:18-86
18        android:debuggable="true"
19        android:icon="@mipmap/ic_launcher"
19-->src\main\AndroidManifest.xml:11:9-43
20        android:label="@string/app_name"
20-->src\main\AndroidManifest.xml:12:9-41
21        android:roundIcon="@mipmap/ic_launcher_round"
21-->src\main\AndroidManifest.xml:13:9-54
22        android:supportsRtl="true"
22-->src\main\AndroidManifest.xml:14:9-35
23        android:testOnly="true"
24        android:theme="@style/AppTheme" >
24-->src\main\AndroidManifest.xml:15:9-40
25        <activity android:name="com.paco.mother.updateBaby" />
25-->src\main\AndroidManifest.xml:16:9-57
25-->src\main\AndroidManifest.xml:16:19-45
26        <activity android:name="com.paco.mother.NewReminder" />
26-->src\main\AndroidManifest.xml:17:9-49
26-->src\main\AndroidManifest.xml:17:19-46
27        <activity android:name="com.paco.mother.Guide" />
27-->src\main\AndroidManifest.xml:18:9-43
27-->src\main\AndroidManifest.xml:18:19-40
28        <activity android:name="com.paco.mother.babyLytic" />
28-->src\main\AndroidManifest.xml:19:9-47
28-->src\main\AndroidManifest.xml:19:19-44
29        <activity android:name="com.paco.mother.Reminder" />
29-->src\main\AndroidManifest.xml:20:9-46
29-->src\main\AndroidManifest.xml:20:19-43
30        <activity android:name="com.paco.mother.Home" />
30-->src\main\AndroidManifest.xml:21:9-42
30-->src\main\AndroidManifest.xml:21:19-39
31        <activity android:name="com.paco.mother.addBaby" />
31-->src\main\AndroidManifest.xml:22:9-45
31-->src\main\AndroidManifest.xml:22:19-42
32        <activity android:name="com.paco.mother.manageBaby" />
32-->src\main\AndroidManifest.xml:23:9-48
32-->src\main\AndroidManifest.xml:23:19-45
33        <activity android:name="com.paco.mother.splash" >
33-->src\main\AndroidManifest.xml:24:9-30:20
33-->src\main\AndroidManifest.xml:24:19-41
34            <intent-filter>
34-->src\main\AndroidManifest.xml:25:13-29:29
35                <action android:name="android.intent.action.MAIN" />
35-->src\main\AndroidManifest.xml:26:17-69
35-->src\main\AndroidManifest.xml:26:25-66
36
37                <category android:name="android.intent.category.LAUNCHER" />
37-->src\main\AndroidManifest.xml:28:17-77
37-->src\main\AndroidManifest.xml:28:27-74
38            </intent-filter>
39        </activity>
40
41        <receiver android:name="com.paco.mother.Reciever.ReminderReciever" >
41-->src\main\AndroidManifest.xml:32:8-34:19
41-->src\main\AndroidManifest.xml:32:18-59
42        </receiver>
43
44        <meta-data
44-->src\main\AndroidManifest.xml:36:9-38:57
45            android:name="preloaded_fonts"
45-->src\main\AndroidManifest.xml:37:13-43
46            android:resource="@array/preloaded_fonts" />
46-->src\main\AndroidManifest.xml:38:13-54
47
48        <receiver
48-->[com.github.jakebonk:NotifyMe:1.0.1] AndroidManifest.xml:14:9-17:39
49            android:name="com.allyants.notifyme.BootNotifyMe"
49-->[com.github.jakebonk:NotifyMe:1.0.1] AndroidManifest.xml:15:13-62
50            android:enabled="true"
50-->[com.github.jakebonk:NotifyMe:1.0.1] AndroidManifest.xml:16:13-35
51            android:exported="true" />
51-->[com.github.jakebonk:NotifyMe:1.0.1] AndroidManifest.xml:17:13-36
52        <receiver
52-->[com.github.jakebonk:NotifyMe:1.0.1] AndroidManifest.xml:18:9-21:39
53            android:name="com.allyants.notifyme.ActionReceiver"
53-->[com.github.jakebonk:NotifyMe:1.0.1] AndroidManifest.xml:19:13-64
54            android:enabled="true"
54-->[com.github.jakebonk:NotifyMe:1.0.1] AndroidManifest.xml:20:13-35
55            android:exported="true" />
55-->[com.github.jakebonk:NotifyMe:1.0.1] AndroidManifest.xml:21:13-36
56        <receiver
56-->[com.github.jakebonk:NotifyMe:1.0.1] AndroidManifest.xml:22:9-25:39
57            android:name="com.allyants.notifyme.DeletePendingIntent"
57-->[com.github.jakebonk:NotifyMe:1.0.1] AndroidManifest.xml:23:13-69
58            android:enabled="true"
58-->[com.github.jakebonk:NotifyMe:1.0.1] AndroidManifest.xml:24:13-35
59            android:exported="true" />
59-->[com.github.jakebonk:NotifyMe:1.0.1] AndroidManifest.xml:25:13-36
60
61        <provider
61-->[androidx.lifecycle:lifecycle-process:2.0.0] AndroidManifest.xml:23:9-27:43
62            android:name="androidx.lifecycle.ProcessLifecycleOwnerInitializer"
62-->[androidx.lifecycle:lifecycle-process:2.0.0] AndroidManifest.xml:24:13-79
63            android:authorities="com.paco.mother.lifecycle-process"
63-->[androidx.lifecycle:lifecycle-process:2.0.0] AndroidManifest.xml:25:13-69
64            android:exported="false"
64-->[androidx.lifecycle:lifecycle-process:2.0.0] AndroidManifest.xml:26:13-37
65            android:multiprocess="true" />
65-->[androidx.lifecycle:lifecycle-process:2.0.0] AndroidManifest.xml:27:13-40
66    </application>
67
68</manifest>